{"level":"info","message":{"method":"DELETE","parameters":{"0":"/inventory/delete/1"},"path":"/inventory/delete/1","timestamp":"2023-03-24T00:04:18.896Z"},"service":"vehicle-inventory"}
{"level":"info","message":{"method":"GET","parameters":{"0":"/inventory"},"path":"/inventory","timestamp":"2023-03-24T00:04:28.446Z"},"service":"vehicle-inventory"}
{"level":"info","message":{"method":"GET","parameters":{"0":"/inventory"},"path":"/inventory","timestamp":"2023-03-24T00:28:31.810Z"},"service":"vehicle-inventory"}
{"level":"info","message":{"method":"GET","parameters":{"0":"/inventory"},"path":"/inventory","timestamp":"2023-03-24T00:29:51.246Z"},"service":"vehicle-inventory"}
{"level":"info","message":{"method":"GET","parameters":{"0":"/inventory"},"path":"/inventory","timestamp":"2023-03-24T00:33:22.108Z"},"service":"vehicle-inventory"}
{"level":"info","message":{"method":"GET","parameters":{"0":"/inventory"},"path":"/inventory","timestamp":"2023-03-24T00:34:59.966Z"},"service":"vehicle-inventory"}
{"level":"info","message":{"method":"GET","parameters":{"0":"/inventory"},"path":"/inventory","timestamp":"2023-03-24T00:45:17.875Z"},"service":"vehicle-inventory"}
{"level":"info","message":{"method":"GET","parameters":{"0":"/inventory"},"path":"/inventory","timestamp":"2023-03-24T00:49:32.812Z"},"service":"vehicle-inventory"}
{"level":"info","message":{"method":"GET","parameters":{"0":"/inventory"},"path":"/inventory","timestamp":"2023-03-24T00:50:18.564Z"},"service":"vehicle-inventory"}
{"level":"info","message":{"method":"POST","parameters":{"0":"/inventory"},"path":"/inventory","timestamp":"2023-03-24T01:15:26.965Z"},"service":"vehicle-inventory"}
{"level":"info","message":{"method":"GET","parameters":{"0":"/inventory"},"path":"/inventory","timestamp":"2023-03-24T01:16:42.228Z"},"service":"vehicle-inventory"}
{"level":"info","message":{"method":"POST","parameters":{"0":"/inventory"},"path":"/inventory","timestamp":"2023-03-24T01:17:57.156Z"},"service":"vehicle-inventory"}
{"level":"info","message":{"method":"POST","parameters":{"0":"/inventory"},"path":"/inventory","timestamp":"2023-03-24T01:27:37.887Z"},"service":"vehicle-inventory"}
{"level":"info","message":{"method":"POST","parameters":{"0":"/inventory"},"path":"/inventory","timestamp":"2023-03-24T01:28:24.474Z"},"service":"vehicle-inventory"}
{"level":"info","message":{"method":"POST","parameters":{"0":"/inventory"},"path":"/inventory","timestamp":"2023-03-24T01:31:56.820Z"},"service":"vehicle-inventory"}
{"level":"info","message":{"method":"GET","parameters":{"0":"/inventory"},"path":"/inventory","timestamp":"2023-03-24T01:33:07.366Z"},"service":"vehicle-inventory"}
{"level":"info","message":{"method":"POST","parameters":{"0":"/inventory"},"path":"/inventory","timestamp":"2023-03-24T01:45:01.373Z"},"service":"vehicle-inventory"}
{"level":"info","message":{"body":{"image":{"data":[99,97,114,49,73,109,97,103,101],"type":"Buffer"},"make":"Toyota","mileage":95000,"model":"Tacoma","price":10999,"year":2005},"method":"POST","parameters":{"0":"/inventory"},"path":"/inventory","timestamp":"2023-03-24T01:46:18.886Z"},"service":"vehicle-inventory"}
{"level":"info","message":{"body":{"image":{"data":[99,97,114,49,73,109,97,103,101],"type":"Buffer"},"make":"Toyota","mileage":95000,"model":"Tacoma","price":10999,"year":2005},"method":"POST","parameters":{"0":"/inventory"},"path":"/inventory","timestamp":"2023-03-24T01:46:39.819Z"},"service":"vehicle-inventory"}
{"level":"info","message":{"body":{"image":{"data":[99,97,114,49,73,109,97,103,101],"type":"Buffer"},"make":"Toyota","mileage":95000,"model":"Tacoma","price":10999,"year":2005},"method":"GET","parameters":{"0":"/inventory"},"path":"/inventory","timestamp":"2023-03-24T01:47:16.828Z"},"service":"vehicle-inventory"}
{"level":"info","message":{"body":{},"method":"GET","parameters":{"0":"/"},"path":"/","timestamp":"2023-03-25T01:16:01.897Z"},"service":"vehicle-inventory"}
{"level":"info","message":{"body":{"image":{"data":[99,97,114,49,73,109,97,103,101],"type":"Buffer"},"make":"Toyota","mileage":95000,"model":"Tacoma","price":10999,"year":2005},"method":"GET","parameters":{"0":"/inventory"},"path":"/inventory","timestamp":"2023-03-25T01:16:18.576Z"},"service":"vehicle-inventory"}
{"level":"info","message":{"body":{},"method":"GET","parameters":{"0":"/"},"path":"/","timestamp":"2023-03-25T01:16:49.581Z"},"service":"vehicle-inventory"}
{"level":"info","message":{"body":{},"method":"GET","parameters":{"0":"/"},"path":"/","timestamp":"2023-03-25T01:16:51.665Z"},"service":"vehicle-inventory"}
{"level":"info","message":{"body":{"image":{"data":[99,97,114,49,73,109,97,103,101],"type":"Buffer"},"make":"Toyota","mileage":95000,"model":"Tacoma","price":10999,"year":2005},"method":"GET","parameters":{"0":"/inventory"},"path":"/inventory","timestamp":"2023-03-25T01:17:01.257Z"},"service":"vehicle-inventory"}
{"level":"info","message":{"body":{},"method":"GET","parameters":{"0":"/"},"path":"/","timestamp":"2023-03-25T01:17:30.679Z"},"service":"vehicle-inventory"}
{"level":"info","message":{"body":{"image":{"data":[99,97,114,49,73,109,97,103,101],"type":"Buffer"},"make":"Toyota","mileage":95000,"model":"Tacoma","price":10999,"year":2005},"method":"GET","parameters":{"0":"/inventory"},"path":"/inventory","timestamp":"2023-03-25T01:17:36.383Z"},"service":"vehicle-inventory"}
{"level":"info","message":{"body":{},"method":"GET","parameters":{"0":"/"},"path":"/","timestamp":"2023-03-25T01:18:39.009Z"},"service":"vehicle-inventory"}
{"level":"info","message":{"body":{},"method":"GET","parameters":{"0":"/"},"path":"/","timestamp":"2023-03-25T01:18:39.831Z"},"service":"vehicle-inventory"}
{"level":"info","message":{"body":{"image":{"data":[99,97,114,49,73,109,97,103,101],"type":"Buffer"},"make":"Toyota","mileage":95000,"model":"Tacoma","price":10999,"year":2005},"method":"GET","parameters":{"0":"/inventory"},"path":"/inventory","timestamp":"2023-03-25T01:18:56.486Z"},"service":"vehicle-inventory"}
{"level":"info","message":{"body":{"image":{"data":[99,97,114,49,73,109,97,103,101],"type":"Buffer"},"make":"Toyota","mileage":95000,"model":"Tacoma","price":10999,"year":2005},"method":"GET","parameters":{"0":"/inventory"},"path":"/inventory","timestamp":"2023-03-25T01:19:56.319Z"},"service":"vehicle-inventory"}
{"level":"info","message":{"body":{},"method":"GET","parameters":{"0":"/"},"path":"/","timestamp":"2023-03-25T01:20:45.659Z"},"service":"vehicle-inventory"}
{"level":"info","message":{"body":{},"method":"GET","parameters":{"0":"/"},"path":"/","timestamp":"2023-03-25T01:20:46.379Z"},"service":"vehicle-inventory"}
{"level":"info","message":{"body":{"image":{"data":[99,97,114,49,73,109,97,103,101],"type":"Buffer"},"make":"Toyota","mileage":95000,"model":"Tacoma","price":10999,"year":2005},"method":"GET","parameters":{"0":"/inventory"},"path":"/inventory","timestamp":"2023-03-25T01:25:00.427Z"},"service":"vehicle-inventory"}
{"level":"info","message":{"body":{"image":{"data":[99,97,114,49,73,109,97,103,101],"type":"Buffer"},"make":"Toyota","mileage":95000,"model":"Tacoma","price":10999,"year":2005},"method":"GET","parameters":{"0":"/inventory"},"path":"/inventory","timestamp":"2023-03-25T01:25:55.609Z"},"service":"vehicle-inventory"}
{"level":"info","message":{"body":{"image":{"data":[99,97,114,49,73,109,97,103,101],"type":"Buffer"},"make":"Toyota","mileage":95000,"model":"Tacoma","price":10999,"year":2005},"method":"GET","parameters":{"0":"/inventory"},"path":"/inventory","timestamp":"2023-03-25T01:26:25.238Z"},"service":"vehicle-inventory"}
{"level":"info","message":{"body":{"image":{"data":[99,97,114,49,73,109,97,103,101],"type":"Buffer"},"make":"Toyota","mileage":95000,"model":"Tacoma","price":10999,"year":2005},"method":"GET","parameters":{"0":"/inventory"},"path":"/inventory","timestamp":"2023-03-25T01:26:36.706Z"},"service":"vehicle-inventory"}
{"level":"info","message":{"body":{"image":{"data":[99,97,114,49,73,109,97,103,101],"type":"Buffer"},"make":"Toyota","mileage":95000,"model":"Tacoma","price":10999,"year":2005},"method":"GET","parameters":{"0":"/inventory"},"path":"/inventory","timestamp":"2023-03-25T01:26:58.315Z"},"service":"vehicle-inventory"}
{"level":"info","message":{"body":{"image":{"data":[99,97,114,49,73,109,97,103,101],"type":"Buffer"},"make":"Toyota","mileage":95000,"model":"Tacoma","price":10999,"year":2005},"method":"GET","parameters":{"0":"/inventory"},"path":"/inventory","timestamp":"2023-03-25T01:29:08.533Z"},"service":"vehicle-inventory"}
{"level":"info","message":{"body":{},"method":"GET","parameters":{"0":"/"},"path":"/","timestamp":"2023-03-25T01:29:54.267Z"},"service":"vehicle-inventory"}
{"level":"info","message":{"body":{},"method":"GET","parameters":{"0":"/"},"path":"/","timestamp":"2023-03-25T01:29:55.176Z"},"service":"vehicle-inventory"}
{"level":"info","message":{"body":{"image":{"data":[99,97,114,49,73,109,97,103,101],"type":"Buffer"},"make":"Toyota","mileage":95000,"model":"Tacoma","price":10999,"year":2005},"method":"GET","parameters":{"0":"/inventory"},"path":"/inventory","timestamp":"2023-03-25T01:29:58.236Z"},"service":"vehicle-inventory"}
{"level":"info","message":{"body":{},"method":"GET","parameters":{"0":"/inventory"},"path":"/inventory","timestamp":"2023-03-25T01:30:24.598Z"},"service":"vehicle-inventory"}
{"level":"info","message":{"body":{},"method":"GET","parameters":{"0":"/favicon.ico"},"path":"/favicon.ico","timestamp":"2023-03-25T01:30:24.641Z"},"service":"vehicle-inventory"}
{"level":"info","message":{"body":{},"method":"GET","parameters":{"0":"/inventory"},"path":"/inventory","timestamp":"2023-03-25T01:31:06.660Z"},"service":"vehicle-inventory"}
{"level":"info","message":{"body":{},"method":"GET","parameters":{"0":"/inventory"},"path":"/inventory","timestamp":"2023-03-25T01:32:23.887Z"},"service":"vehicle-inventory"}
{"level":"info","message":{"body":{},"method":"GET","parameters":{"0":"/inventory"},"path":"/inventory","timestamp":"2023-03-25T01:32:24.774Z"},"service":"vehicle-inventory"}
{"level":"info","message":{"body":{},"method":"GET","parameters":{"0":"/inventory"},"path":"/inventory","timestamp":"2023-03-25T01:33:14.469Z"},"service":"vehicle-inventory"}
{"level":"info","message":{"body":{},"method":"GET","parameters":{"0":"/inventory"},"path":"/inventory","timestamp":"2023-03-25T01:33:27.918Z"},"service":"vehicle-inventory"}
{"level":"info","message":{"body":{},"method":"GET","parameters":{"0":"/inventory"},"path":"/inventory","timestamp":"2023-03-25T01:33:51.167Z"},"service":"vehicle-inventory"}
{"level":"info","message":{"body":{},"method":"GET","parameters":{"0":"/signup"},"path":"/signup","timestamp":"2023-03-25T01:35:04.478Z"},"service":"vehicle-inventory"}
{"level":"info","message":{"body":{},"method":"GET","parameters":{"0":"/login"},"path":"/login","timestamp":"2023-03-25T01:35:15.012Z"},"service":"vehicle-inventory"}
{"level":"info","message":{"body":{},"method":"GET","parameters":{"0":"/inventory"},"path":"/inventory","timestamp":"2023-03-25T01:36:08.537Z"},"service":"vehicle-inventory"}
{"level":"info","message":{"body":{},"method":"GET","parameters":{"0":"/inventory"},"path":"/inventory","timestamp":"2023-03-25T01:36:29.667Z"},"service":"vehicle-inventory"}
{"level":"info","message":{"body":{},"method":"GET","parameters":{"0":"/inventory"},"path":"/inventory","timestamp":"2023-03-25T01:37:31.850Z"},"service":"vehicle-inventory"}
{"level":"info","message":{"body":{},"method":"GET","parameters":{"0":"/inventory"},"path":"/inventory","timestamp":"2023-03-25T01:38:40.738Z"},"service":"vehicle-inventory"}
{"level":"info","message":{"body":{},"method":"GET","parameters":{"0":"/inventory"},"path":"/inventory","timestamp":"2023-03-25T01:39:45.433Z"},"service":"vehicle-inventory"}
{"level":"info","message":{"body":{},"method":"GET","parameters":{"0":"/inventory"},"path":"/inventory","timestamp":"2023-03-25T01:40:09.777Z"},"service":"vehicle-inventory"}
{"level":"info","message":{"body":{},"method":"GET","parameters":{"0":"/auth/signup"},"path":"/auth/signup","timestamp":"2023-03-25T01:41:49.795Z"},"service":"vehicle-inventory"}
{"level":"info","message":{"body":{},"method":"GET","parameters":{"0":"/inventory"},"path":"/inventory","timestamp":"2023-03-25T01:43:21.057Z"},"service":"vehicle-inventory"}
{"level":"info","message":{"body":{},"method":"GET","parameters":{"0":"/inventory"},"path":"/inventory","timestamp":"2023-03-25T01:44:07.487Z"},"service":"vehicle-inventory"}
{"level":"info","message":{"body":{},"method":"GET","parameters":{"0":"/inventory"},"path":"/inventory","timestamp":"2023-03-25T01:49:26.313Z"},"service":"vehicle-inventory"}
{"level":"info","message":{"body":{},"method":"GET","parameters":{"0":"/inventory"},"path":"/inventory","timestamp":"2023-03-25T02:05:52.586Z"},"service":"vehicle-inventory"}
{"level":"info","message":{"body":{},"method":"GET","parameters":{"0":"/inventory"},"path":"/inventory","timestamp":"2023-03-25T02:06:55.767Z"},"service":"vehicle-inventory"}
{"level":"info","message":{"body":{},"method":"GET","parameters":{"0":"/inventory"},"path":"/inventory","timestamp":"2023-03-25T02:09:03.335Z"},"service":"vehicle-inventory"}
{"level":"info","message":{"body":{},"method":"GET","parameters":{"0":"/inventory"},"path":"/inventory","timestamp":"2023-03-25T02:09:52.352Z"},"service":"vehicle-inventory"}
{"level":"info","message":{"body":{},"method":"GET","parameters":{"0":"/inventory"},"path":"/inventory","timestamp":"2023-03-25T02:10:27.117Z"},"service":"vehicle-inventory"}
{"level":"info","message":{"body":{},"method":"GET","parameters":{"0":"/inventory"},"path":"/inventory","timestamp":"2023-03-25T02:10:27.997Z"},"service":"vehicle-inventory"}
{"level":"info","message":{"body":{},"method":"GET","parameters":{"0":"/inventory"},"path":"/inventory","timestamp":"2023-03-25T02:21:24.502Z"},"service":"vehicle-inventory"}
{"level":"info","message":{"body":{},"method":"POST","parameters":{"0":"/back-end/server/server.js"},"path":"/back-end/server/server.js","timestamp":"2023-03-25T02:21:39.075Z"},"service":"vehicle-inventory"}
{"level":"info","message":{"body":{},"method":"POST","parameters":{"0":"/back-end/server/server.js"},"path":"/back-end/server/server.js","timestamp":"2023-03-25T02:21:48.245Z"},"service":"vehicle-inventory"}
{"level":"info","message":{"body":{},"method":"POST","parameters":{"0":"/back-end/server/server.js"},"path":"/back-end/server/server.js","timestamp":"2023-03-25T02:22:08.311Z"},"service":"vehicle-inventory"}
{"level":"info","message":{"body":{},"method":"POST","parameters":{"0":"/back-end/server/server.js"},"path":"/back-end/server/server.js","timestamp":"2023-03-25T02:23:07.276Z"},"service":"vehicle-inventory"}
{"level":"info","message":{"body":{},"method":"POST","parameters":{"0":"/back-end/server/server.js"},"path":"/back-end/server/server.js","timestamp":"2023-03-25T02:24:15.644Z"},"service":"vehicle-inventory"}
{"level":"info","message":{"body":{},"method":"POST","parameters":{"0":"/back-end/server/server.js"},"path":"/back-end/server/server.js","timestamp":"2023-03-25T02:24:28.875Z"},"service":"vehicle-inventory"}
{"level":"info","message":{"body":{},"method":"GET","parameters":{"0":"/inventory"},"path":"/inventory","timestamp":"2023-03-25T02:24:47.848Z"},"service":"vehicle-inventory"}
{"level":"info","message":{"body":{},"method":"POST","parameters":{"0":"/inventory"},"path":"/inventory","timestamp":"2023-03-25T02:24:49.714Z"},"service":"vehicle-inventory"}
{"level":"info","message":{"body":{},"method":"GET","parameters":{"0":"/inventory"},"path":"/inventory","timestamp":"2023-03-25T02:24:59.360Z"},"service":"vehicle-inventory"}
{"level":"info","message":{"body":{},"method":"GET","parameters":{"0":"/inventory"},"path":"/inventory","timestamp":"2023-03-25T02:26:46.311Z"},"service":"vehicle-inventory"}
{"level":"info","message":{"body":{},"method":"GET","parameters":{"0":"/inventory"},"path":"/inventory","timestamp":"2023-03-25T02:26:59.912Z"},"service":"vehicle-inventory"}
{"level":"info","message":{"body":{},"method":"POST","parameters":{"0":"/inventory"},"path":"/inventory","timestamp":"2023-03-25T02:27:01.526Z"},"service":"vehicle-inventory"}
{"level":"info","message":{"body":{},"method":"POST","parameters":{"0":"/inventory"},"path":"/inventory","timestamp":"2023-03-25T02:27:10.932Z"},"service":"vehicle-inventory"}
{"level":"info","message":{"body":{},"method":"GET","parameters":{"0":"/inventory"},"path":"/inventory","timestamp":"2023-03-25T02:27:15.043Z"},"service":"vehicle-inventory"}
{"level":"info","message":{"body":{},"method":"GET","parameters":{"0":"/inventory"},"path":"/inventory","timestamp":"2023-03-25T02:28:35.663Z"},"service":"vehicle-inventory"}
{"level":"info","message":{"body":{},"method":"POST","parameters":{"0":"/inventory"},"path":"/inventory","timestamp":"2023-03-25T02:28:40.743Z"},"service":"vehicle-inventory"}
{"level":"info","message":{"body":{},"method":"GET","parameters":{"0":"/inventory"},"path":"/inventory","timestamp":"2023-03-25T02:30:04.561Z"},"service":"vehicle-inventory"}
{"level":"info","message":{"body":{},"method":"POST","parameters":{"0":"/inventory"},"path":"/inventory","timestamp":"2023-03-25T02:30:06.426Z"},"service":"vehicle-inventory"}
{"level":"info","message":{"body":{},"method":"POST","parameters":{"0":"/inventory"},"path":"/inventory","timestamp":"2023-03-25T02:34:43.606Z"},"service":"vehicle-inventory"}
{"level":"info","message":{"body":{},"method":"POST","parameters":{"0":"/inventory"},"path":"/inventory","timestamp":"2023-03-25T02:37:16.649Z"},"service":"vehicle-inventory"}
{"level":"info","message":{"body":{},"method":"POST","parameters":{"0":"/inventory"},"path":"/inventory","timestamp":"2023-03-25T02:37:30.455Z"},"service":"vehicle-inventory"}
{"level":"info","message":{"body":{},"method":"POST","parameters":{"0":"/inventory"},"path":"/inventory","timestamp":"2023-03-25T02:42:58.612Z"},"service":"vehicle-inventory"}
{"level":"info","message":{"body":{},"method":"POST","parameters":{"0":"/inventory"},"path":"/inventory","timestamp":"2023-03-25T02:43:07.722Z"},"service":"vehicle-inventory"}
{"level":"info","message":{"body":{},"method":"POST","parameters":{"0":"/inventory"},"path":"/inventory","timestamp":"2023-03-25T02:44:41.167Z"},"service":"vehicle-inventory"}
{"level":"info","message":{"body":{},"method":"POST","parameters":{"0":"/inventory"},"path":"/inventory","timestamp":"2023-03-25T02:44:53.710Z"},"service":"vehicle-inventory"}
{"level":"info","message":{"body":{},"method":"POST","parameters":{"0":"/inventory"},"path":"/inventory","timestamp":"2023-03-25T02:45:30.862Z"},"service":"vehicle-inventory"}
{"level":"info","message":{"body":{},"method":"GET","parameters":{"0":"/inventory"},"path":"/inventory","timestamp":"2023-03-25T02:45:33.381Z"},"service":"vehicle-inventory"}
{"level":"info","message":{"body":{},"method":"GET","parameters":{"0":"/inventory"},"path":"/inventory","timestamp":"2023-03-25T02:45:38.750Z"},"service":"vehicle-inventory"}
{"level":"info","message":{"body":{},"method":"GET","parameters":{"0":"/inventory"},"path":"/inventory","timestamp":"2023-03-25T02:45:42.801Z"},"service":"vehicle-inventory"}
{"level":"info","message":{"body":{},"method":"GET","parameters":{"0":"/inventory"},"path":"/inventory","timestamp":"2023-03-25T02:46:25.989Z"},"service":"vehicle-inventory"}
{"level":"info","message":{"body":{},"method":"GET","parameters":{"0":"/inventory/delete/:id"},"path":"/inventory/delete/:id","timestamp":"2023-03-25T02:46:28.648Z"},"service":"vehicle-inventory"}
{"level":"info","message":{"body":{},"method":"GET","parameters":{"0":"/inventory/delete/:id"},"path":"/inventory/delete/:id","timestamp":"2023-03-25T02:46:55.667Z"},"service":"vehicle-inventory"}
{"level":"info","message":{"body":{},"method":"GET","parameters":{"0":"/inventory"},"path":"/inventory","timestamp":"2023-03-25T02:46:58.930Z"},"service":"vehicle-inventory"}
{"level":"info","message":{"body":{},"method":"GET","parameters":{"0":"/inventory"},"path":"/inventory","timestamp":"2023-03-25T02:48:42.799Z"},"service":"vehicle-inventory"}
{"level":"info","message":{"body":{},"method":"GET","parameters":{"0":"/inventory/delete/:id"},"path":"/inventory/delete/:id","timestamp":"2023-03-25T02:48:47.364Z"},"service":"vehicle-inventory"}
{"level":"info","message":{"body":{},"method":"GET","parameters":{"0":"/inventory"},"path":"/inventory","timestamp":"2023-03-25T02:50:15.481Z"},"service":"vehicle-inventory"}
{"level":"info","message":{"body":{},"method":"GET","parameters":{"0":"/inventory/delete/:id"},"path":"/inventory/delete/:id","timestamp":"2023-03-25T02:50:20.896Z"},"service":"vehicle-inventory"}
{"level":"info","message":{"body":{},"method":"GET","parameters":{"0":"/inventory"},"path":"/inventory","timestamp":"2023-03-25T02:51:04.965Z"},"service":"vehicle-inventory"}
{"level":"info","message":{"body":{},"method":"GET","parameters":{"0":"/inventory"},"path":"/inventory","timestamp":"2023-03-25T02:51:07.458Z"},"service":"vehicle-inventory"}
{"level":"info","message":{"body":{},"method":"GET","parameters":{"0":"/inventory"},"path":"/inventory","timestamp":"2023-03-25T02:51:36.559Z"},"service":"vehicle-inventory"}
{"level":"info","message":{"body":{},"method":"GET","parameters":{"0":"/inventory"},"path":"/inventory","timestamp":"2023-03-25T03:20:45.945Z"},"service":"vehicle-inventory"}
{"level":"info","message":{"body":{},"method":"GET","parameters":{"0":"/favicon.ico"},"path":"/favicon.ico","timestamp":"2023-03-25T03:20:46.005Z"},"service":"vehicle-inventory"}
{"level":"info","message":{"body":{},"method":"GET","parameters":{"0":"/inventory"},"path":"/inventory","timestamp":"2023-03-25T03:20:49.473Z"},"service":"vehicle-inventory"}
{"level":"info","message":{"body":{},"method":"GET","parameters":{"0":"/inventory"},"path":"/inventory","timestamp":"2023-03-25T03:21:46.417Z"},"service":"vehicle-inventory"}
{"level":"info","message":{"body":{},"method":"GET","parameters":{"0":"/inventory"},"path":"/inventory","timestamp":"2023-03-25T03:21:49.139Z"},"service":"vehicle-inventory"}
{"level":"info","message":{"body":{},"method":"GET","parameters":{"0":"/inventory"},"path":"/inventory","timestamp":"2023-03-25T03:21:52.422Z"},"service":"vehicle-inventory"}
{"level":"info","message":{"body":{"image":{"data":[99,97,114,49,73,109,97,103,101],"type":"Buffer"},"make":"Toyota","mileage":95000,"model":"Tacoma","price":10999,"year":2005},"method":"GET","parameters":{"0":"/inventory"},"path":"/inventory","timestamp":"2023-03-25T03:24:12.433Z"},"service":"vehicle-inventory"}
{"level":"info","message":{"body":{"image":{"data":[99,97,114,49,73,109,97,103,101],"type":"Buffer"},"make":"Toyota","mileage":95000,"model":"Tacoma","price":10999,"year":2005},"method":"DELETE","parameters":{"0":"/inventory/delete/18"},"path":"/inventory/delete/18","timestamp":"2023-03-25T03:24:29.595Z"},"service":"vehicle-inventory"}
{"level":"info","message":{"body":{"image":{"data":[99,97,114,49,73,109,97,103,101],"type":"Buffer"},"make":"Toyota","mileage":95000,"model":"Tacoma","price":10999,"year":2005},"method":"GET","parameters":{"0":"/inventory"},"path":"/inventory","timestamp":"2023-03-25T03:25:49.293Z"},"service":"vehicle-inventory"}
{"level":"info","message":{"body":{"image":{"data":[99,97,114,49,73,109,97,103,101],"type":"Buffer"},"make":"Toyota","mileage":95000,"model":"Tacoma","price":10999,"year":2005},"method":"DELETE","parameters":{"0":"/inventory/delete/18"},"path":"/inventory/delete/18","timestamp":"2023-03-25T03:25:59.090Z"},"service":"vehicle-inventory"}
{"level":"info","message":{"body":{"image":{"data":[99,97,114,49,73,109,97,103,101],"type":"Buffer"},"make":"Toyota","mileage":95000,"model":"Tacoma","price":10999,"year":2005},"method":"DELETE","parameters":{"0":"/inventory/delete/18"},"path":"/inventory/delete/18","timestamp":"2023-03-25T03:27:24.987Z"},"service":"vehicle-inventory"}
{"level":"info","message":{"body":{"image":{"data":[99,97,114,49,73,109,97,103,101],"type":"Buffer"},"make":"Toyota","mileage":95000,"model":"Tacoma","price":10999,"year":2005},"method":"DELETE","parameters":{"0":"/inventory/delete/18"},"path":"/inventory/delete/18","timestamp":"2023-03-25T03:29:28.226Z"},"service":"vehicle-inventory"}
{"level":"info","message":{"body":{"image":{"data":[99,97,114,49,73,109,97,103,101],"type":"Buffer"},"make":"Toyota","mileage":95000,"model":"Tacoma","price":10999,"year":2005},"method":"DELETE","parameters":{"0":"/inventory/delete/18"},"path":"/inventory/delete/18","timestamp":"2023-03-25T03:29:55.911Z"},"service":"vehicle-inventory"}
{"level":"info","message":{"body":{"image":{"data":[99,97,114,49,73,109,97,103,101],"type":"Buffer"},"make":"Toyota","mileage":95000,"model":"Tacoma","price":10999,"year":2005},"method":"DELETE","parameters":{"0":"/inventory/delete/18"},"path":"/inventory/delete/18","timestamp":"2023-03-25T03:30:34.241Z"},"service":"vehicle-inventory"}
{"level":"info","message":{"body":{"image":{"data":[99,97,114,49,73,109,97,103,101],"type":"Buffer"},"make":"Toyota","mileage":95000,"model":"Tacoma","price":10999,"year":2005},"method":"DELETE","parameters":{"0":"/inventory/delete/18"},"path":"/inventory/delete/18","timestamp":"2023-03-25T03:30:53.175Z"},"service":"vehicle-inventory"}
{"level":"info","message":{"body":{"image":{"data":[99,97,114,49,73,109,97,103,101],"type":"Buffer"},"make":"Toyota","mileage":95000,"model":"Tacoma","price":10999,"year":2005},"method":"DELETE","parameters":{"0":"/inventory/delete/18"},"path":"/inventory/delete/18","timestamp":"2023-03-25T03:31:29.185Z"},"service":"vehicle-inventory"}
{"level":"info","message":{"body":{"image":{"data":[99,97,114,49,73,109,97,103,101],"type":"Buffer"},"make":"Toyota","mileage":95000,"model":"Tacoma","price":10999,"year":2005},"method":"DELETE","parameters":{"0":"/inventory/delete/18"},"path":"/inventory/delete/18","timestamp":"2023-03-25T03:32:02.550Z"},"service":"vehicle-inventory"}
{"level":"info","message":{"body":{"image":{"data":[99,97,114,49,73,109,97,103,101],"type":"Buffer"},"make":"Toyota","mileage":95000,"model":"Tacoma","price":10999,"year":2005},"method":"GET","parameters":{"0":"/inventory"},"path":"/inventory","timestamp":"2023-03-25T03:32:39.144Z"},"service":"vehicle-inventory"}
{"level":"info","message":{"body":{"image":{"data":[99,97,114,49,73,109,97,103,101],"type":"Buffer"},"make":"Toyota","mileage":95000,"model":"Tacoma","price":10999,"year":2005},"method":"GET","parameters":{"0":"/inventory"},"path":"/inventory","timestamp":"2023-03-25T03:35:25.653Z"},"service":"vehicle-inventory"}
{"level":"info","message":{"body":{"image":{"data":[99,97,114,49,73,109,97,103,101],"type":"Buffer"},"make":"Toyota","mileage":95000,"model":"Tacoma","price":10999,"year":2005},"method":"DELETE","parameters":{"0":"/inventory/delete/18"},"path":"/inventory/delete/18","timestamp":"2023-03-25T03:35:36.801Z"},"service":"vehicle-inventory"}
{"level":"info","message":{"body":{"image":{"data":[99,97,114,49,73,109,97,103,101],"type":"Buffer"},"make":"Toyota","mileage":95000,"model":"Tacoma","price":10999,"year":2005},"method":"DELETE","parameters":{"0":"/inventory/delete/18"},"path":"/inventory/delete/18","timestamp":"2023-03-25T03:38:21.437Z"},"service":"vehicle-inventory"}
{"level":"info","message":{"body":{"image":{"data":[99,97,114,49,73,109,97,103,101],"type":"Buffer"},"make":"Toyota","mileage":95000,"model":"Tacoma","price":10999,"year":2005},"method":"DELETE","parameters":{"0":"/inventory/delete/18"},"path":"/inventory/delete/18","timestamp":"2023-03-25T03:41:27.421Z"},"service":"vehicle-inventory"}
{"level":"info","message":{"body":{"image":{"data":[99,97,114,49,73,109,97,103,101],"type":"Buffer"},"make":"Toyota","mileage":95000,"model":"Tacoma","price":10999,"year":2005},"method":"DELETE","parameters":{"0":"/inventory/delete/18"},"path":"/inventory/delete/18","timestamp":"2023-03-25T03:42:13.274Z"},"service":"vehicle-inventory"}
{"level":"info","message":{"body":{"image":{"data":[99,97,114,49,73,109,97,103,101],"type":"Buffer"},"make":"Toyota","mileage":95000,"model":"Tacoma","price":10999,"year":2005},"method":"DELETE","parameters":{"0":"/inventory/delete/18"},"path":"/inventory/delete/18","timestamp":"2023-03-25T03:42:38.920Z"},"service":"vehicle-inventory"}
{"level":"info","message":{"body":{"image":{"data":[99,97,114,49,73,109,97,103,101],"type":"Buffer"},"make":"Toyota","mileage":95000,"model":"Tacoma","price":10999,"year":2005},"method":"DELETE","parameters":{"0":"/inventory/delete/18"},"path":"/inventory/delete/18","timestamp":"2023-03-25T03:43:20.948Z"},"service":"vehicle-inventory"}
{"level":"info","message":{"body":{"image":{"data":[99,97,114,49,73,109,97,103,101],"type":"Buffer"},"make":"Toyota","mileage":95000,"model":"Tacoma","price":10999,"year":2005},"method":"GET","parameters":{"0":"/inventory"},"path":"/inventory","timestamp":"2023-03-25T03:43:46.669Z"},"service":"vehicle-inventory"}
{"level":"info","message":{"body":{"image":{"data":[99,97,114,49,73,109,97,103,101],"type":"Buffer"},"make":"Toyota","mileage":95000,"model":"Tacoma","price":10999,"year":2005},"method":"DELETE","parameters":{"0":"/inventory/delete/17"},"path":"/inventory/delete/17","timestamp":"2023-03-25T03:44:51.095Z"},"service":"vehicle-inventory"}
{"level":"info","message":{"body":{"image":{"data":[99,97,114,49,73,109,97,103,101],"type":"Buffer"},"make":"Toyota","mileage":95000,"model":"Tacoma","price":10999,"year":2005},"method":"DELETE","parameters":{"0":"/inventory/delete/16"},"path":"/inventory/delete/16","timestamp":"2023-03-25T03:44:57.684Z"},"service":"vehicle-inventory"}
{"level":"info","message":{"body":{"image":{"data":[99,97,114,49,73,109,97,103,101],"type":"Buffer"},"make":"Toyota","mileage":95000,"model":"Tacoma","price":10999,"year":2005},"method":"DELETE","parameters":{"0":"/inventory/delete/15"},"path":"/inventory/delete/15","timestamp":"2023-03-25T03:45:01.470Z"},"service":"vehicle-inventory"}
{"level":"info","message":{"body":{"image":{"data":[99,97,114,49,73,109,97,103,101],"type":"Buffer"},"make":"Toyota","mileage":95000,"model":"Tacoma","price":10999,"year":2005},"method":"DELETE","parameters":{"0":"/inventory/delete/14"},"path":"/inventory/delete/14","timestamp":"2023-03-25T03:45:04.527Z"},"service":"vehicle-inventory"}
{"level":"info","message":{"body":{"image":{"data":[99,97,114,49,73,109,97,103,101],"type":"Buffer"},"make":"Toyota","mileage":95000,"model":"Tacoma","price":10999,"year":2005},"method":"DELETE","parameters":{"0":"/inventory/delete/13"},"path":"/inventory/delete/13","timestamp":"2023-03-25T03:45:07.772Z"},"service":"vehicle-inventory"}
{"level":"info","message":{"body":{"image":{"data":[99,97,114,49,73,109,97,103,101],"type":"Buffer"},"make":"Toyota","mileage":95000,"model":"Tacoma","price":10999,"year":2005},"method":"DELETE","parameters":{"0":"/inventory/delete/12"},"path":"/inventory/delete/12","timestamp":"2023-03-25T03:45:09.980Z"},"service":"vehicle-inventory"}
{"level":"info","message":{"body":{"image":{"data":[99,97,114,49,73,109,97,103,101],"type":"Buffer"},"make":"Toyota","mileage":95000,"model":"Tacoma","price":10999,"year":2005},"method":"DELETE","parameters":{"0":"/inventory/delete/11"},"path":"/inventory/delete/11","timestamp":"2023-03-25T03:45:13.166Z"},"service":"vehicle-inventory"}
{"level":"info","message":{"body":{"image":{"data":[99,97,114,49,73,109,97,103,101],"type":"Buffer"},"make":"Toyota","mileage":95000,"model":"Tacoma","price":10999,"year":2005},"method":"DELETE","parameters":{"0":"/inventory/delete/10"},"path":"/inventory/delete/10","timestamp":"2023-03-25T03:45:19.328Z"},"service":"vehicle-inventory"}
{"level":"info","message":{"body":{"image":{"data":[99,97,114,49,73,109,97,103,101],"type":"Buffer"},"make":"Toyota","mileage":95000,"model":"Tacoma","price":10999,"year":2005},"method":"DELETE","parameters":{"0":"/inventory/delete/9"},"path":"/inventory/delete/9","timestamp":"2023-03-25T03:45:22.640Z"},"service":"vehicle-inventory"}
{"level":"info","message":{"body":{"image":{"data":[99,97,114,49,73,109,97,103,101],"type":"Buffer"},"make":"Toyota","mileage":95000,"model":"Tacoma","price":10999,"year":2005},"method":"DELETE","parameters":{"0":"/inventory/delete/8"},"path":"/inventory/delete/8","timestamp":"2023-03-25T03:45:28.095Z"},"service":"vehicle-inventory"}
{"level":"info","message":{"body":{"image":{"data":[99,97,114,49,73,109,97,103,101],"type":"Buffer"},"make":"Toyota","mileage":95000,"model":"Tacoma","price":10999,"year":2005},"method":"DELETE","parameters":{"0":"/inventory/delete/7"},"path":"/inventory/delete/7","timestamp":"2023-03-25T03:45:30.754Z"},"service":"vehicle-inventory"}
{"level":"info","message":{"body":{"image":{"data":[99,97,114,49,73,109,97,103,101],"type":"Buffer"},"make":"Toyota","mileage":95000,"model":"Tacoma","price":10999,"year":2005},"method":"DELETE","parameters":{"0":"/inventory/delete/5"},"path":"/inventory/delete/5","timestamp":"2023-03-25T03:45:33.972Z"},"service":"vehicle-inventory"}
{"level":"info","message":{"body":{"image":{"data":[99,97,114,49,73,109,97,103,101],"type":"Buffer"},"make":"Toyota","mileage":95000,"model":"Tacoma","price":10999,"year":2005},"method":"DELETE","parameters":{"0":"/inventory/delete/6"},"path":"/inventory/delete/6","timestamp":"2023-03-25T03:45:36.698Z"},"service":"vehicle-inventory"}
{"level":"info","message":{"body":{"image":{"data":[99,97,114,49,73,109,97,103,101],"type":"Buffer"},"make":"Toyota","mileage":95000,"model":"Tacoma","price":10999,"year":2005},"method":"GET","parameters":{"0":"/inventory/"},"path":"/inventory/","timestamp":"2023-03-25T03:45:46.216Z"},"service":"vehicle-inventory"}
{"level":"info","message":{"body":{},"method":"GET","parameters":{"0":"/inventory"},"path":"/inventory","timestamp":"2023-03-25T03:46:10.205Z"},"service":"vehicle-inventory"}
{"level":"info","message":{"body":{},"method":"GET","parameters":{"0":"/inventory"},"path":"/inventory","timestamp":"2023-03-25T03:46:37.756Z"},"service":"vehicle-inventory"}
{"level":"info","message":{"body":{},"method":"GET","parameters":{"0":"/inventory"},"path":"/inventory","timestamp":"2023-03-25T03:46:49.358Z"},"service":"vehicle-inventory"}
{"level":"info","message":{"body":{},"method":"GET","parameters":{"0":"/inventory"},"path":"/inventory","timestamp":"2023-03-25T03:47:26.639Z"},"service":"vehicle-inventory"}
{"level":"info","message":{"body":{},"method":"GET","parameters":{"0":"/inventory"},"path":"/inventory","timestamp":"2023-03-25T03:47:28.339Z"},"service":"vehicle-inventory"}
{"level":"info","message":{"body":{},"method":"GET","parameters":{"0":"/inventory"},"path":"/inventory","timestamp":"2023-03-25T03:48:19.795Z"},"service":"vehicle-inventory"}
{"level":"info","message":{"body":{},"method":"GET","parameters":{"0":"/inventory"},"path":"/inventory","timestamp":"2023-03-25T03:48:21.199Z"},"service":"vehicle-inventory"}
{"level":"info","message":{"body":{},"method":"GET","parameters":{"0":"/inventory"},"path":"/inventory","timestamp":"2023-03-25T03:48:24.937Z"},"service":"vehicle-inventory"}
{"level":"info","message":{"body":{},"method":"GET","parameters":{"0":"/inventory"},"path":"/inventory","timestamp":"2023-03-25T03:49:20.692Z"},"service":"vehicle-inventory"}
{"level":"info","message":{"body":{},"method":"GET","parameters":{"0":"/inventory"},"path":"/inventory","timestamp":"2023-03-25T03:49:22.017Z"},"service":"vehicle-inventory"}
{"level":"info","message":{"body":{},"method":"GET","parameters":{"0":"/inventory"},"path":"/inventory","timestamp":"2023-03-25T04:11:14.191Z"},"service":"vehicle-inventory"}
{"level":"info","message":{"body":{},"method":"GET","parameters":{"0":"/inventory"},"path":"/inventory","timestamp":"2023-03-25T04:11:15.232Z"},"service":"vehicle-inventory"}
{"level":"info","message":{"body":{},"method":"GET","parameters":{"0":"/inventory"},"path":"/inventory","timestamp":"2023-03-25T04:11:18.266Z"},"service":"vehicle-inventory"}
{"level":"info","message":{"body":{},"method":"GET","parameters":{"0":"/inventory"},"path":"/inventory","timestamp":"2023-03-25T04:11:20.650Z"},"service":"vehicle-inventory"}
{"level":"info","message":{"body":{},"method":"GET","parameters":{"0":"/inventory"},"path":"/inventory","timestamp":"2023-03-25T04:13:12.302Z"},"service":"vehicle-inventory"}
{"level":"info","message":{"body":{},"method":"GET","parameters":{"0":"/inventory"},"path":"/inventory","timestamp":"2023-03-25T04:13:13.366Z"},"service":"vehicle-inventory"}
{"level":"info","message":{"body":{},"method":"GET","parameters":{"0":"/inventory"},"path":"/inventory","timestamp":"2023-03-25T04:13:14.198Z"},"service":"vehicle-inventory"}
{"level":"info","message":{"body":{},"method":"GET","parameters":{"0":"/inventory"},"path":"/inventory","timestamp":"2023-03-25T04:13:14.748Z"},"service":"vehicle-inventory"}
{"level":"info","message":{"body":{},"method":"GET","parameters":{"0":"/inventory"},"path":"/inventory","timestamp":"2023-03-25T04:13:15.331Z"},"service":"vehicle-inventory"}
{"level":"info","message":{"body":{},"method":"GET","parameters":{"0":"/inventory"},"path":"/inventory","timestamp":"2023-03-25T04:13:49.205Z"},"service":"vehicle-inventory"}
{"level":"info","message":{"body":{},"method":"GET","parameters":{"0":"/inventory"},"path":"/inventory","timestamp":"2023-03-25T04:14:43.122Z"},"service":"vehicle-inventory"}
{"level":"info","message":{"body":{},"method":"GET","parameters":{"0":"/inventory"},"path":"/inventory","timestamp":"2023-03-25T04:14:44.081Z"},"service":"vehicle-inventory"}
{"level":"info","message":{"body":{},"method":"GET","parameters":{"0":"/inventory"},"path":"/inventory","timestamp":"2023-03-25T04:15:27.641Z"},"service":"vehicle-inventory"}
{"level":"info","message":{"body":{},"method":"GET","parameters":{"0":"/inventory"},"path":"/inventory","timestamp":"2023-03-25T04:15:28.764Z"},"service":"vehicle-inventory"}
{"level":"info","message":{"body":{},"method":"GET","parameters":{"0":"/inventory"},"path":"/inventory","timestamp":"2023-03-25T04:15:29.931Z"},"service":"vehicle-inventory"}
{"level":"info","message":{"body":{},"method":"GET","parameters":{"0":"/inventory"},"path":"/inventory","timestamp":"2023-03-25T04:18:47.585Z"},"service":"vehicle-inventory"}
{"level":"info","message":{"body":{},"method":"POST","parameters":{"0":"/delete"},"path":"/delete","timestamp":"2023-03-25T04:18:48.994Z"},"service":"vehicle-inventory"}
{"level":"info","message":{"body":{},"method":"POST","parameters":{"0":"/delete"},"path":"/delete","timestamp":"2023-03-25T04:24:50.031Z"},"service":"vehicle-inventory"}
{"level":"info","message":{"body":{},"method":"POST","parameters":{"0":"/delete"},"path":"/delete","timestamp":"2023-03-25T04:24:57.564Z"},"service":"vehicle-inventory"}
{"level":"info","message":{"body":{},"method":"GET","parameters":{"0":"/inventory"},"path":"/inventory","timestamp":"2023-03-25T04:26:36.505Z"},"service":"vehicle-inventory"}
{"level":"info","message":{"body":{},"method":"GET","parameters":{"0":"/delete"},"path":"/delete","timestamp":"2023-03-25T04:26:37.515Z"},"service":"vehicle-inventory"}
{"level":"info","message":{"body":{},"method":"GET","parameters":{"0":"/inventory"},"path":"/inventory","timestamp":"2023-03-25T04:27:14.474Z"},"service":"vehicle-inventory"}
{"level":"info","message":{"body":{},"method":"POST","parameters":{"0":"/inventory/delete"},"path":"/inventory/delete","timestamp":"2023-03-25T04:27:15.998Z"},"service":"vehicle-inventory"}
{"level":"info","message":{"body":{},"method":"GET","parameters":{"0":"/inventory"},"path":"/inventory","timestamp":"2023-03-25T04:37:27.219Z"},"service":"vehicle-inventory"}
{"level":"info","message":{"body":{},"method":"POST","parameters":{"0":"/inventory"},"path":"/inventory","timestamp":"2023-03-25T04:37:28.132Z"},"service":"vehicle-inventory"}
{"level":"info","message":{"body":{},"method":"POST","parameters":{"0":"/inventory"},"path":"/inventory","timestamp":"2023-03-25T04:37:29.296Z"},"service":"vehicle-inventory"}
{"level":"info","message":{"body":{},"method":"POST","parameters":{"0":"/inventory"},"path":"/inventory","timestamp":"2023-03-25T04:37:29.778Z"},"service":"vehicle-inventory"}
{"level":"info","message":{"body":{},"method":"POST","parameters":{"0":"/inventory"},"path":"/inventory","timestamp":"2023-03-25T04:37:29.960Z"},"service":"vehicle-inventory"}
{"level":"info","message":{"body":{},"method":"POST","parameters":{"0":"/inventory"},"path":"/inventory","timestamp":"2023-03-25T04:37:30.129Z"},"service":"vehicle-inventory"}
{"level":"info","message":{"body":{},"method":"POST","parameters":{"0":"/inventory"},"path":"/inventory","timestamp":"2023-03-25T04:37:30.293Z"},"service":"vehicle-inventory"}
{"level":"info","message":{"body":{},"method":"POST","parameters":{"0":"/inventory"},"path":"/inventory","timestamp":"2023-03-25T04:37:30.460Z"},"service":"vehicle-inventory"}
{"level":"info","message":{"body":{},"method":"POST","parameters":{"0":"/inventory"},"path":"/inventory","timestamp":"2023-03-25T04:37:30.660Z"},"service":"vehicle-inventory"}
{"level":"info","message":{"body":{},"method":"POST","parameters":{"0":"/inventory"},"path":"/inventory","timestamp":"2023-03-25T04:37:30.842Z"},"service":"vehicle-inventory"}
{"level":"info","message":{"body":{},"method":"POST","parameters":{"0":"/inventory"},"path":"/inventory","timestamp":"2023-03-25T04:37:31.029Z"},"service":"vehicle-inventory"}
{"level":"info","message":{"body":{},"method":"POST","parameters":{"0":"/inventory"},"path":"/inventory","timestamp":"2023-03-25T04:37:31.208Z"},"service":"vehicle-inventory"}
{"level":"info","message":{"body":{},"method":"POST","parameters":{"0":"/inventory"},"path":"/inventory","timestamp":"2023-03-25T04:37:31.394Z"},"service":"vehicle-inventory"}
{"level":"info","message":{"body":{},"method":"POST","parameters":{"0":"/inventory"},"path":"/inventory","timestamp":"2023-03-25T04:37:31.577Z"},"service":"vehicle-inventory"}
{"level":"info","message":{"body":{},"method":"POST","parameters":{"0":"/inventory"},"path":"/inventory","timestamp":"2023-03-25T04:37:31.760Z"},"service":"vehicle-inventory"}
{"level":"info","message":{"body":{},"method":"POST","parameters":{"0":"/inventory"},"path":"/inventory","timestamp":"2023-03-25T04:38:16.903Z"},"service":"vehicle-inventory"}
{"level":"info","message":{"body":{"image":{"data":[99,97,114,49,73,109,97,103,101],"type":"Buffer"},"make":"Toyota","mileage":95000,"model":"Tacoma","price":10999,"year":2005},"method":"GET","parameters":{"0":"/inventory/"},"path":"/inventory/","timestamp":"2023-03-25T04:38:25.945Z"},"service":"vehicle-inventory"}
{"level":"info","message":{"body":{"image":{"data":[99,97,114,49,73,109,97,103,101],"type":"Buffer"},"make":"Toyota","mileage":95000,"model":"Tacoma","price":10999,"year":2005},"method":"GET","parameters":{"0":"/inventory/"},"path":"/inventory/","timestamp":"2023-03-25T04:39:24.270Z"},"service":"vehicle-inventory"}
{"level":"info","message":{"body":{"image":{"data":[99,97,114,49,73,109,97,103,101],"type":"Buffer"},"make":"Toyota","mileage":95000,"model":"Tacoma","price":10999,"year":2005},"method":"DELETE","parameters":{"0":"/inventory/delete/33"},"path":"/inventory/delete/33","timestamp":"2023-03-25T04:39:57.902Z"},"service":"vehicle-inventory"}
{"level":"info","message":{"body":{"image":{"data":[99,97,114,49,73,109,97,103,101],"type":"Buffer"},"make":"Toyota","mileage":95000,"model":"Tacoma","price":10999,"year":2005},"method":"DELETE","parameters":{"0":"/inventory/delete/33"},"path":"/inventory/delete/33","timestamp":"2023-03-25T04:40:30.031Z"},"service":"vehicle-inventory"}
{"level":"info","message":{"body":{"image":{"data":[99,97,114,49,73,109,97,103,101],"type":"Buffer"},"make":"Toyota","mileage":95000,"model":"Tacoma","price":10999,"year":2005},"method":"DELETE","parameters":{"0":"/inventory/delete/32"},"path":"/inventory/delete/32","timestamp":"2023-03-25T04:40:34.345Z"},"service":"vehicle-inventory"}
{"level":"info","message":{"body":{"image":{"data":[99,97,114,49,73,109,97,103,101],"type":"Buffer"},"make":"Toyota","mileage":95000,"model":"Tacoma","price":10999,"year":2005},"method":"DELETE","parameters":{"0":"/inventory/delete/31"},"path":"/inventory/delete/31","timestamp":"2023-03-25T04:40:37.760Z"},"service":"vehicle-inventory"}
{"level":"info","message":{"body":{"image":{"data":[99,97,114,49,73,109,97,103,101],"type":"Buffer"},"make":"Toyota","mileage":95000,"model":"Tacoma","price":10999,"year":2005},"method":"DELETE","parameters":{"0":"/inventory/delete/30"},"path":"/inventory/delete/30","timestamp":"2023-03-25T04:40:40.286Z"},"service":"vehicle-inventory"}
{"level":"info","message":{"body":{"image":{"data":[99,97,114,49,73,109,97,103,101],"type":"Buffer"},"make":"Toyota","mileage":95000,"model":"Tacoma","price":10999,"year":2005},"method":"DELETE","parameters":{"0":"/inventory/delete/29"},"path":"/inventory/delete/29","timestamp":"2023-03-25T04:40:43.207Z"},"service":"vehicle-inventory"}
{"level":"info","message":{"body":{"image":{"data":[99,97,114,49,73,109,97,103,101],"type":"Buffer"},"make":"Toyota","mileage":95000,"model":"Tacoma","price":10999,"year":2005},"method":"DELETE","parameters":{"0":"/inventory/delete/28"},"path":"/inventory/delete/28","timestamp":"2023-03-25T04:40:45.393Z"},"service":"vehicle-inventory"}
{"level":"info","message":{"body":{"image":{"data":[99,97,114,49,73,109,97,103,101],"type":"Buffer"},"make":"Toyota","mileage":95000,"model":"Tacoma","price":10999,"year":2005},"method":"DELETE","parameters":{"0":"/inventory/delete/27"},"path":"/inventory/delete/27","timestamp":"2023-03-25T04:40:49.280Z"},"service":"vehicle-inventory"}
{"level":"info","message":{"body":{"image":{"data":[99,97,114,49,73,109,97,103,101],"type":"Buffer"},"make":"Toyota","mileage":95000,"model":"Tacoma","price":10999,"year":2005},"method":"DELETE","parameters":{"0":"/inventory/delete/26"},"path":"/inventory/delete/26","timestamp":"2023-03-25T04:40:50.728Z"},"service":"vehicle-inventory"}
{"level":"info","message":{"body":{"image":{"data":[99,97,114,49,73,109,97,103,101],"type":"Buffer"},"make":"Toyota","mileage":95000,"model":"Tacoma","price":10999,"year":2005},"method":"DELETE","parameters":{"0":"/inventory/delete/25"},"path":"/inventory/delete/25","timestamp":"2023-03-25T04:40:52.099Z"},"service":"vehicle-inventory"}
{"level":"info","message":{"body":{"image":{"data":[99,97,114,49,73,109,97,103,101],"type":"Buffer"},"make":"Toyota","mileage":95000,"model":"Tacoma","price":10999,"year":2005},"method":"DELETE","parameters":{"0":"/inventory/delete/24"},"path":"/inventory/delete/24","timestamp":"2023-03-25T04:40:53.343Z"},"service":"vehicle-inventory"}
{"level":"info","message":{"body":{"image":{"data":[99,97,114,49,73,109,97,103,101],"type":"Buffer"},"make":"Toyota","mileage":95000,"model":"Tacoma","price":10999,"year":2005},"method":"DELETE","parameters":{"0":"/inventory/delete/23"},"path":"/inventory/delete/23","timestamp":"2023-03-25T04:40:54.823Z"},"service":"vehicle-inventory"}
{"level":"info","message":{"body":{"image":{"data":[99,97,114,49,73,109,97,103,101],"type":"Buffer"},"make":"Toyota","mileage":95000,"model":"Tacoma","price":10999,"year":2005},"method":"DELETE","parameters":{"0":"/inventory/delete/22"},"path":"/inventory/delete/22","timestamp":"2023-03-25T04:40:55.978Z"},"service":"vehicle-inventory"}
{"level":"info","message":{"body":{"image":{"data":[99,97,114,49,73,109,97,103,101],"type":"Buffer"},"make":"Toyota","mileage":95000,"model":"Tacoma","price":10999,"year":2005},"method":"DELETE","parameters":{"0":"/inventory/delete/21"},"path":"/inventory/delete/21","timestamp":"2023-03-25T04:40:57.132Z"},"service":"vehicle-inventory"}
{"level":"info","message":{"body":{"image":{"data":[99,97,114,49,73,109,97,103,101],"type":"Buffer"},"make":"Toyota","mileage":95000,"model":"Tacoma","price":10999,"year":2005},"method":"DELETE","parameters":{"0":"/inventory/delete/20"},"path":"/inventory/delete/20","timestamp":"2023-03-25T04:41:01.552Z"},"service":"vehicle-inventory"}
{"level":"info","message":{"body":{"image":{"data":[99,97,114,49,73,109,97,103,101],"type":"Buffer"},"make":"Toyota","mileage":95000,"model":"Tacoma","price":10999,"year":2005},"method":"DELETE","parameters":{"0":"/inventory/delete/19"},"path":"/inventory/delete/19","timestamp":"2023-03-25T04:41:04.611Z"},"service":"vehicle-inventory"}
{"level":"info","message":{"body":{"image":{"data":[99,97,114,49,73,109,97,103,101],"type":"Buffer"},"make":"Toyota","mileage":95000,"model":"Tacoma","price":10999,"year":2005},"method":"GET","parameters":{"0":"/inventory"},"path":"/inventory","timestamp":"2023-03-25T04:41:16.639Z"},"service":"vehicle-inventory"}
{"level":"info","message":{"body":{},"method":"POST","parameters":{"0":"/inventory"},"path":"/inventory","timestamp":"2023-03-25T04:42:45.993Z"},"service":"vehicle-inventory"}
{"level":"info","message":{"body":{},"method":"GET","parameters":{"0":"/favicon.ico"},"path":"/favicon.ico","timestamp":"2023-03-25T04:42:46.105Z"},"service":"vehicle-inventory"}
{"level":"info","message":{"body":{},"method":"GET","parameters":{"0":"/inventory"},"path":"/inventory","timestamp":"2023-03-25T04:42:51.896Z"},"service":"vehicle-inventory"}
{"level":"info","message":{"body":{},"method":"GET","parameters":{"0":"/favicon.ico"},"path":"/favicon.ico","timestamp":"2023-03-25T04:42:51.931Z"},"service":"vehicle-inventory"}
{"level":"info","message":{"body":{},"method":"GET","parameters":{"0":"/inventory"},"path":"/inventory","timestamp":"2023-03-25T04:43:25.858Z"},"service":"vehicle-inventory"}
{"level":"info","message":{"body":{},"method":"GET","parameters":{"0":"/inventory/delete"},"path":"/inventory/delete","timestamp":"2023-03-25T04:43:28.178Z"},"service":"vehicle-inventory"}
{"level":"info","message":{"body":{},"method":"GET","parameters":{"0":"/inventory"},"path":"/inventory","timestamp":"2023-03-25T04:43:58.056Z"},"service":"vehicle-inventory"}
{"level":"info","message":{"body":{},"method":"POST","parameters":{"0":"/inventory/delete"},"path":"/inventory/delete","timestamp":"2023-03-25T04:43:59.063Z"},"service":"vehicle-inventory"}
{"level":"info","message":{"body":{},"method":"GET","parameters":{"0":"/inventory"},"path":"/inventory","timestamp":"2023-03-25T04:45:45.914Z"},"service":"vehicle-inventory"}
{"level":"info","message":{"body":{},"method":"POST","parameters":{"0":"/inventory/delete/2"},"path":"/inventory/delete/2","timestamp":"2023-03-25T04:45:47.146Z"},"service":"vehicle-inventory"}
{"level":"info","message":{"body":{},"method":"POST","parameters":{"0":"/inventory/delete/1"},"path":"/inventory/delete/1","timestamp":"2023-03-25T04:46:00.259Z"},"service":"vehicle-inventory"}
{"level":"info","message":{"body":{},"method":"GET","parameters":{"0":"/inventory"},"path":"/inventory","timestamp":"2023-03-25T04:47:24.253Z"},"service":"vehicle-inventory"}
{"level":"info","message":{"body":{},"method":"POST","parameters":{"0":"/inventory"},"path":"/inventory","timestamp":"2023-03-25T04:47:25.327Z"},"service":"vehicle-inventory"}
{"level":"info","message":{"body":{},"method":"POST","parameters":{"0":"/inventory"},"path":"/inventory","timestamp":"2023-03-25T04:47:27.342Z"},"service":"vehicle-inventory"}
{"level":"info","message":{"body":{},"method":"POST","parameters":{"0":"/inventory"},"path":"/inventory","timestamp":"2023-03-25T04:47:56.058Z"},"service":"vehicle-inventory"}
{"level":"info","message":{"body":{},"method":"GET","parameters":{"0":"/inventory"},"path":"/inventory","timestamp":"2023-03-25T04:47:58.077Z"},"service":"vehicle-inventory"}
{"level":"info","message":{"body":{},"method":"GET","parameters":{"0":"/inventory"},"path":"/inventory","timestamp":"2023-03-25T04:48:01.444Z"},"service":"vehicle-inventory"}
{"level":"info","message":{"body":{},"method":"GET","parameters":{"0":"/inventory"},"path":"/inventory","timestamp":"2023-03-25T04:49:34.281Z"},"service":"vehicle-inventory"}
{"level":"info","message":{"body":{},"method":"POST","parameters":{"0":"/DELETE"},"path":"/DELETE","timestamp":"2023-03-25T04:49:39.284Z"},"service":"vehicle-inventory"}
{"level":"info","message":{"body":{},"method":"GET","parameters":{"0":"/inventory"},"path":"/inventory","timestamp":"2023-03-25T04:53:19.582Z"},"service":"vehicle-inventory"}
{"level":"info","message":{"body":{},"method":"POST","parameters":{"0":"/inventory/delete/:id"},"path":"/inventory/delete/:id","timestamp":"2023-03-25T04:53:22.189Z"},"service":"vehicle-inventory"}
{"level":"info","message":{"body":{},"method":"POST","parameters":{"0":"/inventory/delete/:id"},"path":"/inventory/delete/:id","timestamp":"2023-03-25T04:53:56.542Z"},"service":"vehicle-inventory"}
{"level":"info","message":{"body":{},"method":"GET","parameters":{"0":"/inventory"},"path":"/inventory","timestamp":"2023-03-25T04:53:58.643Z"},"service":"vehicle-inventory"}
{"level":"info","message":{"body":{},"method":"POST","parameters":{"0":"/inventory/delete/1"},"path":"/inventory/delete/1","timestamp":"2023-03-25T04:53:59.758Z"},"service":"vehicle-inventory"}
{"level":"info","message":{"body":{},"method":"GET","parameters":{"0":"/inventory"},"path":"/inventory","timestamp":"2023-03-25T04:54:35.149Z"},"service":"vehicle-inventory"}
{"level":"info","message":{"body":{},"method":"POST","parameters":{"0":"/inventory/delete/1"},"path":"/inventory/delete/1","timestamp":"2023-03-25T04:54:36.089Z"},"service":"vehicle-inventory"}
{"level":"info","message":{"body":{},"method":"GET","parameters":{"0":"/inventory"},"path":"/inventory","timestamp":"2023-03-25T04:55:21.915Z"},"service":"vehicle-inventory"}
{"level":"info","message":{"body":{},"method":"POST","parameters":{"0":"/inventory/delete/2"},"path":"/inventory/delete/2","timestamp":"2023-03-25T04:55:24.425Z"},"service":"vehicle-inventory"}
{"level":"info","message":{"body":{},"method":"POST","parameters":{"0":"/inventory/delete/2"},"path":"/inventory/delete/2","timestamp":"2023-03-25T04:55:28.396Z"},"service":"vehicle-inventory"}
{"level":"info","message":{"body":{},"method":"POST","parameters":{"0":"/inventory/delete/37"},"path":"/inventory/delete/37","timestamp":"2023-03-25T04:55:53.692Z"},"service":"vehicle-inventory"}
{"level":"info","message":{"body":{},"method":"POST","parameters":{"0":"/inventory/delete/37"},"path":"/inventory/delete/37","timestamp":"2023-03-25T04:55:56.238Z"},"service":"vehicle-inventory"}
{"level":"info","message":{"body":{},"method":"POST","parameters":{"0":"/inventory/delete/36"},"path":"/inventory/delete/36","timestamp":"2023-03-25T04:55:58.771Z"},"service":"vehicle-inventory"}
{"level":"info","message":{"body":{},"method":"POST","parameters":{"0":"/inventory/delete/36"},"path":"/inventory/delete/36","timestamp":"2023-03-25T04:56:01.004Z"},"service":"vehicle-inventory"}
{"level":"info","message":{"body":{},"method":"POST","parameters":{"0":"/inventory/delete/35"},"path":"/inventory/delete/35","timestamp":"2023-03-25T04:56:03.021Z"},"service":"vehicle-inventory"}
{"level":"info","message":{"body":{},"method":"POST","parameters":{"0":"/inventory/delete/35"},"path":"/inventory/delete/35","timestamp":"2023-03-25T04:56:04.737Z"},"service":"vehicle-inventory"}
{"level":"info","message":{"body":{},"method":"POST","parameters":{"0":"/inventory/delete/34"},"path":"/inventory/delete/34","timestamp":"2023-03-25T04:56:28.091Z"},"service":"vehicle-inventory"}
{"level":"info","message":{"body":{},"method":"POST","parameters":{"0":"/inventory/delete/34"},"path":"/inventory/delete/34","timestamp":"2023-03-25T04:56:29.388Z"},"service":"vehicle-inventory"}
{"level":"info","message":{"body":{},"method":"POST","parameters":{"0":"/inventory/delete/34"},"path":"/inventory/delete/34","timestamp":"2023-03-25T04:56:53.282Z"},"service":"vehicle-inventory"}
{"level":"info","message":{"body":{},"method":"POST","parameters":{"0":"/inventory/delete/4"},"path":"/inventory/delete/4","timestamp":"2023-03-25T04:56:54.954Z"},"service":"vehicle-inventory"}
{"level":"info","message":{"body":{},"method":"POST","parameters":{"0":"/inventory/delete/4"},"path":"/inventory/delete/4","timestamp":"2023-03-25T04:56:56.238Z"},"service":"vehicle-inventory"}
{"level":"info","message":{"body":{},"method":"POST","parameters":{"0":"/inventory"},"path":"/inventory","timestamp":"2023-03-25T04:57:24.338Z"},"service":"vehicle-inventory"}
{"level":"info","message":{"body":{},"method":"POST","parameters":{"0":"/inventory"},"path":"/inventory","timestamp":"2023-03-25T04:57:25.970Z"},"service":"vehicle-inventory"}
{"level":"info","message":{"body":{},"method":"POST","parameters":{"0":"/inventory"},"path":"/inventory","timestamp":"2023-03-25T04:57:30.587Z"},"service":"vehicle-inventory"}
{"level":"info","message":{"body":{},"method":"POST","parameters":{"0":"/inventory/delete/38"},"path":"/inventory/delete/38","timestamp":"2023-03-25T04:57:32.704Z"},"service":"vehicle-inventory"}
{"level":"info","message":{"body":{},"method":"POST","parameters":{"0":"/inventory/delete/38"},"path":"/inventory/delete/38","timestamp":"2023-03-25T04:57:33.336Z"},"service":"vehicle-inventory"}
{"level":"info","message":{"body":{},"method":"POST","parameters":{"0":"/inventory/delete/39"},"path":"/inventory/delete/39","timestamp":"2023-03-25T04:57:34.022Z"},"service":"vehicle-inventory"}
{"level":"info","message":{"body":{},"method":"POST","parameters":{"0":"/inventory/delete/39"},"path":"/inventory/delete/39","timestamp":"2023-03-25T04:57:34.453Z"},"service":"vehicle-inventory"}
{"level":"info","message":{"body":{},"method":"POST","parameters":{"0":"/inventory/delete/40"},"path":"/inventory/delete/40","timestamp":"2023-03-25T04:57:34.736Z"},"service":"vehicle-inventory"}
{"level":"info","message":{"body":{},"method":"POST","parameters":{"0":"/inventory/delete/40"},"path":"/inventory/delete/40","timestamp":"2023-03-25T04:57:35.453Z"},"service":"vehicle-inventory"}
{"level":"info","message":{"body":{},"method":"POST","parameters":{"0":"/inventory/delete/3"},"path":"/inventory/delete/3","timestamp":"2023-03-25T04:57:37.086Z"},"service":"vehicle-inventory"}
{"level":"info","message":{"body":{},"method":"POST","parameters":{"0":"/inventory/delete/3"},"path":"/inventory/delete/3","timestamp":"2023-03-25T04:57:37.269Z"},"service":"vehicle-inventory"}
{"level":"info","message":{"body":{},"method":"POST","parameters":{"0":"/inventory"},"path":"/inventory","timestamp":"2023-03-25T04:57:40.686Z"},"service":"vehicle-inventory"}
{"level":"info","message":{"body":{},"method":"POST","parameters":{"0":"/inventory"},"path":"/inventory","timestamp":"2023-03-25T04:57:41.486Z"},"service":"vehicle-inventory"}
{"level":"info","message":{"body":{},"method":"POST","parameters":{"0":"/inventory"},"path":"/inventory","timestamp":"2023-03-25T04:57:41.669Z"},"service":"vehicle-inventory"}
{"level":"info","message":{"body":{},"method":"POST","parameters":{"0":"/inventory"},"path":"/inventory","timestamp":"2023-03-25T04:57:44.002Z"},"service":"vehicle-inventory"}
{"level":"info","message":{"body":{},"method":"POST","parameters":{"0":"/inventory"},"path":"/inventory","timestamp":"2023-03-25T04:57:44.168Z"},"service":"vehicle-inventory"}
{"level":"info","message":{"body":{},"method":"POST","parameters":{"0":"/inventory/delete/41"},"path":"/inventory/delete/41","timestamp":"2023-03-25T04:57:48.236Z"},"service":"vehicle-inventory"}
{"level":"info","message":{"body":{},"method":"POST","parameters":{"0":"/inventory/delete/41"},"path":"/inventory/delete/41","timestamp":"2023-03-25T04:57:49.136Z"},"service":"vehicle-inventory"}
{"level":"info","message":{"body":{},"method":"POST","parameters":{"0":"/inventory/delete/42"},"path":"/inventory/delete/42","timestamp":"2023-03-25T04:57:50.736Z"},"service":"vehicle-inventory"}
{"level":"info","message":{"body":{},"method":"POST","parameters":{"0":"/inventory/delete/42"},"path":"/inventory/delete/42","timestamp":"2023-03-25T04:57:50.936Z"},"service":"vehicle-inventory"}
{"level":"info","message":{"body":{},"method":"POST","parameters":{"0":"/inventory/delete/43"},"path":"/inventory/delete/43","timestamp":"2023-03-25T04:57:52.086Z"},"service":"vehicle-inventory"}
{"level":"info","message":{"body":{},"method":"POST","parameters":{"0":"/inventory/delete/43"},"path":"/inventory/delete/43","timestamp":"2023-03-25T04:57:52.284Z"},"service":"vehicle-inventory"}
{"level":"info","message":{"body":{},"method":"POST","parameters":{"0":"/inventory/delete/44"},"path":"/inventory/delete/44","timestamp":"2023-03-25T04:57:53.102Z"},"service":"vehicle-inventory"}
{"level":"info","message":{"body":{},"method":"POST","parameters":{"0":"/inventory/delete/44"},"path":"/inventory/delete/44","timestamp":"2023-03-25T04:57:53.502Z"},"service":"vehicle-inventory"}
{"level":"info","message":{"body":{},"method":"POST","parameters":{"0":"/inventory/delete/45"},"path":"/inventory/delete/45","timestamp":"2023-03-25T04:57:54.186Z"},"service":"vehicle-inventory"}
{"level":"info","message":{"body":{},"method":"POST","parameters":{"0":"/inventory/delete/45"},"path":"/inventory/delete/45","timestamp":"2023-03-25T04:57:54.367Z"},"service":"vehicle-inventory"}
{"level":"info","message":{"body":{},"method":"POST","parameters":{"0":"/inventory"},"path":"/inventory","timestamp":"2023-03-25T04:57:56.170Z"},"service":"vehicle-inventory"}
{"level":"info","message":{"body":{},"method":"POST","parameters":{"0":"/inventory"},"path":"/inventory","timestamp":"2023-03-25T04:57:58.822Z"},"service":"vehicle-inventory"}
{"level":"info","message":{"body":{"image":{"data":[99,97,114,49,73,109,97,103,101],"type":"Buffer"},"make":"Toyota","mileage":95000,"model":"Tacoma","price":10999,"year":2005},"method":"POST","parameters":{"0":"/inventory"},"path":"/inventory","timestamp":"2023-03-25T04:59:47.101Z"},"service":"vehicle-inventory"}
{"level":"info","message":{"body":{},"method":"POST","parameters":{"0":"/inventory"},"path":"/inventory","timestamp":"2023-03-25T04:59:53.476Z"},"service":"vehicle-inventory"}
{"level":"info","message":{"body":{},"method":"POST","parameters":{"0":"/inventory/delete/47"},"path":"/inventory/delete/47","timestamp":"2023-03-25T04:59:56.603Z"},"service":"vehicle-inventory"}
{"level":"info","message":{"body":{},"method":"POST","parameters":{"0":"/inventory/delete/47"},"path":"/inventory/delete/47","timestamp":"2023-03-25T04:59:58.403Z"},"service":"vehicle-inventory"}
{"level":"info","message":{"body":{},"method":"POST","parameters":{"0":"/inventory/delete/49"},"path":"/inventory/delete/49","timestamp":"2023-03-25T05:00:00.987Z"},"service":"vehicle-inventory"}
{"level":"info","message":{"body":{},"method":"POST","parameters":{"0":"/inventory/delete/49"},"path":"/inventory/delete/49","timestamp":"2023-03-25T05:00:02.518Z"},"service":"vehicle-inventory"}
{"level":"info","message":{"body":{},"method":"POST","parameters":{"0":"/inventory/delete/49"},"path":"/inventory/delete/49","timestamp":"2023-03-25T05:01:52.442Z"},"service":"vehicle-inventory"}
{"level":"info","message":{"body":{"image":{"data":[99,97,114,49,73,109,97,103,101],"type":"Buffer"},"make":"BMW","mileage":45000,"model":"M4","price":22000,"year":2018},"method":"POST","parameters":{"0":"/inventory"},"path":"/inventory","timestamp":"2023-03-25T05:02:39.022Z"},"service":"vehicle-inventory"}
{"level":"info","message":{"body":{},"method":"POST","parameters":{"0":"/inventory/delete/49"},"path":"/inventory/delete/49","timestamp":"2023-03-25T05:02:46.209Z"},"service":"vehicle-inventory"}
{"level":"info","message":{"body":{"image":{"data":[99,97,114,49,73,109,97,103,101],"type":"Buffer"},"make":"BMW","mileage":45000,"model":"M4","price":22000,"year":2018},"method":"POST","parameters":{"0":"/inventory"},"path":"/inventory","timestamp":"2023-03-25T05:03:20.389Z"},"service":"vehicle-inventory"}
{"level":"info","message":{"body":{},"method":"POST","parameters":{"0":"/inventory/delete/49"},"path":"/inventory/delete/49","timestamp":"2023-03-25T05:03:25.109Z"},"service":"vehicle-inventory"}
{"level":"info","message":{"body":{},"method":"POST","parameters":{"0":"/inventory/delete/50"},"path":"/inventory/delete/50","timestamp":"2023-03-25T05:03:27.701Z"},"service":"vehicle-inventory"}
{"level":"info","message":{"body":{},"method":"POST","parameters":{"0":"/inventory/delete/50"},"path":"/inventory/delete/50","timestamp":"2023-03-25T05:03:30.432Z"},"service":"vehicle-inventory"}
{"level":"info","message":{"body":{},"method":"POST","parameters":{"0":"/inventory/delete/46"},"path":"/inventory/delete/46","timestamp":"2023-03-25T05:03:35.068Z"},"service":"vehicle-inventory"}
{"level":"info","message":{"body":{},"method":"POST","parameters":{"0":"/inventory/delete/46"},"path":"/inventory/delete/46","timestamp":"2023-03-25T05:03:37.168Z"},"service":"vehicle-inventory"}
{"level":"info","message":{"body":{},"method":"POST","parameters":{"0":"/inventory/delete/46"},"path":"/inventory/delete/46","timestamp":"2023-03-25T05:06:40.147Z"},"service":"vehicle-inventory"}
{"level":"info","message":{"body":{},"method":"POST","parameters":{"0":"/inventory/delete/46"},"path":"/inventory/delete/46","timestamp":"2023-03-25T05:07:35.556Z"},"service":"vehicle-inventory"}
{"level":"info","message":{"body":{},"method":"POST","parameters":{"0":"/inventory/delete/46"},"path":"/inventory/delete/46","timestamp":"2023-03-25T05:07:59.556Z"},"service":"vehicle-inventory"}
{"level":"info","message":{"body":{},"method":"POST","parameters":{"0":"/inventory/delete/46"},"path":"/inventory/delete/46","timestamp":"2023-03-25T05:08:38.777Z"},"service":"vehicle-inventory"}
{"level":"info","message":{"body":{},"method":"POST","parameters":{"0":"/inventory/delete/46"},"path":"/inventory/delete/46","timestamp":"2023-03-25T05:08:52.856Z"},"service":"vehicle-inventory"}
{"level":"info","message":{"body":{},"method":"POST","parameters":{"0":"/inventory"},"path":"/inventory","timestamp":"2023-03-25T05:09:19.420Z"},"service":"vehicle-inventory"}
{"level":"info","message":{"body":{},"method":"POST","parameters":{"0":"/inventory"},"path":"/inventory","timestamp":"2023-03-25T05:09:24.348Z"},"service":"vehicle-inventory"}
{"level":"info","message":{"body":{},"method":"POST","parameters":{"0":"/inventory/delete/52"},"path":"/inventory/delete/52","timestamp":"2023-03-25T05:09:26.500Z"},"service":"vehicle-inventory"}
{"level":"info","message":{"body":{},"method":"POST","parameters":{"0":"/inventory/delete/53"},"path":"/inventory/delete/53","timestamp":"2023-03-25T05:09:29.331Z"},"service":"vehicle-inventory"}
{"level":"info","message":{"body":{},"method":"POST","parameters":{"0":"/inventory/delete/53"},"path":"/inventory/delete/53","timestamp":"2023-03-25T05:09:30.882Z"},"service":"vehicle-inventory"}
{"level":"info","message":{"body":{},"method":"POST","parameters":{"0":"/inventory/delete/53"},"path":"/inventory/delete/53","timestamp":"2023-03-25T05:18:07.648Z"},"service":"vehicle-inventory"}
{"level":"info","message":{"body":{},"method":"GET","parameters":{"0":"/auth/signup"},"path":"/auth/signup","timestamp":"2023-03-25T05:19:06.257Z"},"service":"vehicle-inventory"}
{"level":"info","message":{"body":{},"method":"POST","parameters":{"0":"/inventory/delete/53"},"path":"/inventory/delete/53","timestamp":"2023-03-25T05:20:37.484Z"},"service":"vehicle-inventory"}
{"level":"info","message":{"body":{},"method":"GET","parameters":{"0":"/auth/login"},"path":"/auth/login","timestamp":"2023-03-25T05:20:39.086Z"},"service":"vehicle-inventory"}
{"level":"info","message":{"body":{},"method":"POST","parameters":{"0":"/inventory/delete/53"},"path":"/inventory/delete/53","timestamp":"2023-03-25T05:22:42.447Z"},"service":"vehicle-inventory"}
{"level":"info","message":{"body":{},"method":"GET","parameters":{"0":"/front-end/views/login.html"},"path":"/front-end/views/login.html","timestamp":"2023-03-25T05:22:44.535Z"},"service":"vehicle-inventory"}
{"level":"info","message":{"body":{},"method":"POST","parameters":{"0":"/inventory/delete/53"},"path":"/inventory/delete/53","timestamp":"2023-03-25T05:24:31.165Z"},"service":"vehicle-inventory"}
{"level":"info","message":{"body":{},"method":"GET","parameters":{"0":"/back-end/server/views/login.ejs"},"path":"/back-end/server/views/login.ejs","timestamp":"2023-03-25T05:24:32.499Z"},"service":"vehicle-inventory"}
{"level":"info","message":{"body":{},"method":"GET","parameters":{"0":"/back-end/server/views/login.ejs"},"path":"/back-end/server/views/login.ejs","timestamp":"2023-03-25T05:25:04.822Z"},"service":"vehicle-inventory"}
{"level":"info","message":{"body":{},"method":"GET","parameters":{"0":"/inventory"},"path":"/inventory","timestamp":"2023-03-25T05:26:43.592Z"},"service":"vehicle-inventory"}
{"level":"info","message":{"body":{},"method":"POST","parameters":{"0":"/inventory"},"path":"/inventory","timestamp":"2023-03-25T05:28:34.463Z"},"service":"vehicle-inventory"}
{"level":"info","message":{"body":{},"method":"POST","parameters":{"0":"/inventory"},"path":"/inventory","timestamp":"2023-03-25T05:28:39.237Z"},"service":"vehicle-inventory"}
{"level":"info","message":{"body":{},"method":"POST","parameters":{"0":"/inventory/delete/54"},"path":"/inventory/delete/54","timestamp":"2023-03-25T05:28:42.643Z"},"service":"vehicle-inventory"}
{"level":"info","message":{"body":{},"method":"POST","parameters":{"0":"/inventory/delete/54"},"path":"/inventory/delete/54","timestamp":"2023-03-25T05:28:48.058Z"},"service":"vehicle-inventory"}
{"level":"info","message":{"body":{},"method":"POST","parameters":{"0":"/inventory/delete/55"},"path":"/inventory/delete/55","timestamp":"2023-03-25T05:28:50.714Z"},"service":"vehicle-inventory"}
{"level":"info","message":{"body":{},"method":"POST","parameters":{"0":"/inventory/delete/55"},"path":"/inventory/delete/55","timestamp":"2023-03-25T05:28:52.729Z"},"service":"vehicle-inventory"}
{"level":"info","message":{"body":{},"method":"POST","parameters":{"0":"/inventory/delete/55"},"path":"/inventory/delete/55","timestamp":"2023-03-25T05:28:56.940Z"},"service":"vehicle-inventory"}
